[debug] [2019-12-08T06:36:20.373Z] ----------------------------------------------------------------------
[debug] [2019-12-08T06:36:20.375Z] Command:       /Users/jterrazz/.nvm/versions/node/v10.16.0/bin/node /usr/local/bin/firebase serve --only functions
[debug] [2019-12-08T06:36:20.375Z] CLI Version:   7.9.0
[debug] [2019-12-08T06:36:20.375Z] Platform:      darwin
[debug] [2019-12-08T06:36:20.375Z] Node Version:  v10.16.0
[debug] [2019-12-08T06:36:20.376Z] Time:          Sun Dec 08 2019 07:36:20 GMT+0100 (Central European Standard Time)
[debug] [2019-12-08T06:36:20.376Z] ----------------------------------------------------------------------
[debug] [2019-12-08T06:36:20.376Z] 
[debug] [2019-12-08T06:36:20.383Z] > command requires scopes: ["email","openid","https://www.googleapis.com/auth/cloudplatformprojects.readonly","https://www.googleapis.com/auth/firebase","https://www.googleapis.com/auth/cloud-platform"]
[debug] [2019-12-08T06:36:20.383Z] > authorizing via signed-in user
[debug] [2019-12-08T06:36:20.383Z] [iam] checking project com-jterrazz for permissions ["firebase.projects.get"]
[debug] [2019-12-08T06:36:20.385Z] >>> HTTP REQUEST POST https://cloudresourcemanager.googleapis.com/v1/projects/com-jterrazz:testIamPermissions  

[debug] [2019-12-08T06:36:21.124Z] <<< HTTP RESPONSE 200
[debug] [2019-12-08T06:36:21.126Z] >>> HTTP REQUEST GET https://firebase.googleapis.com/v1beta1/projects/com-jterrazz  
 
[debug] [2019-12-08T06:36:21.334Z] <<< HTTP RESPONSE 200
[info] ✔  functions: Using node@10 from host.
[info] ✔  functions: Emulator started at http://localhost:5000
[info] i  functions: Watching "/Users/jterrazz/Projects/jterrazz.github.io/functions" for Cloud Functions...
[debug] [2019-12-08T06:36:21.624Z] [worker-~diagnostic~-86bd9295-baf3-41c8-8a7f-f43743841f16]: Assigning socketPath: /var/folders/40/8j4qkx694h52lfyn47mmtnhw0000gp/T/fire_emu_8986.sock
[debug] [2019-12-08T06:36:21.625Z] [worker-~diagnostic~-86bd9295-baf3-41c8-8a7f-f43743841f16]: BUSY
[debug] [2019-12-08T06:36:21.876Z] [runtime-status] [8986] Functions runtime initialized. {"cwd":"/Users/jterrazz/Projects/jterrazz.github.io/functions","node_version":"10.16.0"}
[debug] [2019-12-08T06:36:21.877Z] [runtime-status] [8986] Disabled runtime features: {"functions_config_helper":true,"network_filtering":true,"timeout":true,"memory_limiting":true,"admin_stubs":true,"pubsub_emulator":true}
[debug] [2019-12-08T06:36:21.879Z] [runtime-status] [8986] Resolved module firebase-admin {"declared":true,"installed":true,"version":"8.8.0","resolution":"/Users/jterrazz/Projects/jterrazz.github.io/functions/node_modules/firebase-admin/lib/index.js"}
[debug] [2019-12-08T06:36:21.880Z] [runtime-status] [8986] Resolved module firebase-functions {"declared":true,"installed":true,"version":"3.3.0","resolution":"/Users/jterrazz/Projects/jterrazz.github.io/functions/node_modules/firebase-functions/lib/index.js"}
[debug] [2019-12-08T06:36:21.880Z] [runtime-status] [8986] Resolved module firebase-functions {"declared":true,"installed":true,"version":"3.3.0","resolution":"/Users/jterrazz/Projects/jterrazz.github.io/functions/node_modules/firebase-functions/lib/index.js"}
[info] >  { gmail:
[info] >     { password: 'nqjprdrhxvjqujii',
[info] >       email: 'jterrazz.dev@gmail.com' } }
[warn] ⚠  ReferenceError: nodemailer is not defined
    at Object.<anonymous> (/Users/jterrazz/Projects/jterrazz.github.io/functions/index.js:6:23)
    at Module._compile (internal/modules/cjs/loader.js:776:30)
    at Object.Module._extensions..js (internal/modules/cjs/loader.js:787:10)
    at Module.load (internal/modules/cjs/loader.js:653:32)
    at tryModuleLoad (internal/modules/cjs/loader.js:593:12)
    at Function.Module._load (internal/modules/cjs/loader.js:585:3)
    at Module.require (internal/modules/cjs/loader.js:690:17)
    at require (internal/modules/cjs/helpers.js:25:18)
    at /Users/admin/.config/yarn/global/node_modules/firebase-tools/lib/emulator/functionsEmulatorRuntime.js:718:33
    at Generator.next (<anonymous>)
[warn] ⚠  We were unable to load your functions code. (see above)
[debug] [2019-12-08T06:36:21.939Z] [worker-~diagnostic~-86bd9295-baf3-41c8-8a7f-f43743841f16]: exited
[debug] [2019-12-08T06:36:21.939Z] [worker-~diagnostic~-86bd9295-baf3-41c8-8a7f-f43743841f16]: FINISHED
[debug] [2019-12-08T06:36:31.103Z] File /Users/jterrazz/Projects/jterrazz.github.io/functions/index.js changed, reloading triggers
[debug] [2019-12-08T06:36:32.111Z] [worker-~diagnostic~-0b5ef3d0-a681-4256-9834-bdf94e24bcf1]: Assigning socketPath: /var/folders/40/8j4qkx694h52lfyn47mmtnhw0000gp/T/fire_emu_8990.sock
[debug] [2019-12-08T06:36:32.111Z] [worker-~diagnostic~-0b5ef3d0-a681-4256-9834-bdf94e24bcf1]: BUSY
[debug] [2019-12-08T06:36:32.371Z] [runtime-status] [8990] Functions runtime initialized. {"cwd":"/Users/jterrazz/Projects/jterrazz.github.io/functions","node_version":"10.16.0"}
[debug] [2019-12-08T06:36:32.373Z] [runtime-status] [8990] Disabled runtime features: {"functions_config_helper":true,"network_filtering":true,"timeout":true,"memory_limiting":true,"admin_stubs":true,"pubsub_emulator":true}
[debug] [2019-12-08T06:36:32.375Z] [runtime-status] [8990] Resolved module firebase-admin {"declared":true,"installed":true,"version":"8.8.0","resolution":"/Users/jterrazz/Projects/jterrazz.github.io/functions/node_modules/firebase-admin/lib/index.js"}
[debug] [2019-12-08T06:36:32.376Z] [runtime-status] [8990] Resolved module firebase-functions {"declared":true,"installed":true,"version":"3.3.0","resolution":"/Users/jterrazz/Projects/jterrazz.github.io/functions/node_modules/firebase-functions/lib/index.js"}
[debug] [2019-12-08T06:36:32.377Z] [runtime-status] [8990] Resolved module firebase-functions {"declared":true,"installed":true,"version":"3.3.0","resolution":"/Users/jterrazz/Projects/jterrazz.github.io/functions/node_modules/firebase-functions/lib/index.js"}
[warn] ⚠  ReferenceError: nodemailer is not defined
    at Object.<anonymous> (/Users/jterrazz/Projects/jterrazz.github.io/functions/index.js:5:23)
    at Module._compile (internal/modules/cjs/loader.js:776:30)
    at Object.Module._extensions..js (internal/modules/cjs/loader.js:787:10)
    at Module.load (internal/modules/cjs/loader.js:653:32)
    at tryModuleLoad (internal/modules/cjs/loader.js:593:12)
    at Function.Module._load (internal/modules/cjs/loader.js:585:3)
    at Module.require (internal/modules/cjs/loader.js:690:17)
    at require (internal/modules/cjs/helpers.js:25:18)
    at /Users/admin/.config/yarn/global/node_modules/firebase-tools/lib/emulator/functionsEmulatorRuntime.js:718:33
    at Generator.next (<anonymous>)
[warn] ⚠  We were unable to load your functions code. (see above)
[debug] [2019-12-08T06:36:32.432Z] [worker-~diagnostic~-0b5ef3d0-a681-4256-9834-bdf94e24bcf1]: exited
[debug] [2019-12-08T06:36:32.432Z] [worker-~diagnostic~-0b5ef3d0-a681-4256-9834-bdf94e24bcf1]: FINISHED
[debug] [2019-12-08T06:36:41.333Z] File /Users/jterrazz/Projects/jterrazz.github.io/functions/index.js changed, reloading triggers
[debug] [2019-12-08T06:36:42.338Z] [worker-~diagnostic~-32cffb62-ae93-4b6e-8a03-79eae26e0f15]: Assigning socketPath: /var/folders/40/8j4qkx694h52lfyn47mmtnhw0000gp/T/fire_emu_8993.sock
[debug] [2019-12-08T06:36:42.338Z] [worker-~diagnostic~-32cffb62-ae93-4b6e-8a03-79eae26e0f15]: BUSY
[debug] [2019-12-08T06:36:42.602Z] [runtime-status] [8993] Functions runtime initialized. {"cwd":"/Users/jterrazz/Projects/jterrazz.github.io/functions","node_version":"10.16.0"}
[debug] [2019-12-08T06:36:42.603Z] [runtime-status] [8993] Disabled runtime features: {"functions_config_helper":true,"network_filtering":true,"timeout":true,"memory_limiting":true,"admin_stubs":true,"pubsub_emulator":true}
[debug] [2019-12-08T06:36:42.605Z] [runtime-status] [8993] Resolved module firebase-admin {"declared":true,"installed":true,"version":"8.8.0","resolution":"/Users/jterrazz/Projects/jterrazz.github.io/functions/node_modules/firebase-admin/lib/index.js"}
[debug] [2019-12-08T06:36:42.606Z] [runtime-status] [8993] Resolved module firebase-functions {"declared":true,"installed":true,"version":"3.3.0","resolution":"/Users/jterrazz/Projects/jterrazz.github.io/functions/node_modules/firebase-functions/lib/index.js"}
[debug] [2019-12-08T06:36:42.607Z] [runtime-status] [8993] Resolved module firebase-functions {"declared":true,"installed":true,"version":"3.3.0","resolution":"/Users/jterrazz/Projects/jterrazz.github.io/functions/node_modules/firebase-functions/lib/index.js"}
[info] ✔  functions[submit]: http function initialized (http://localhost:5000/com-jterrazz/us-central1/submit).
[debug] [2019-12-08T06:36:42.692Z] [worker-~diagnostic~-32cffb62-ae93-4b6e-8a03-79eae26e0f15]: exited
[debug] [2019-12-08T06:36:42.692Z] [worker-~diagnostic~-32cffb62-ae93-4b6e-8a03-79eae26e0f15]: FINISHED
[debug] [2019-12-08T06:38:04.131Z] Accepted request POST /com-jterrazz/us-central1/submit?email=efwfe@gmail.com&message=yo --> submit
[debug] [2019-12-08T06:38:04.135Z] [worker-submit-0db99d18-0dea-427f-be1e-f9a2d1bcbe9f]: Assigning socketPath: /var/folders/40/8j4qkx694h52lfyn47mmtnhw0000gp/T/fire_emu_9014.sock
[debug] [2019-12-08T06:38:04.135Z] [worker-submit-0db99d18-0dea-427f-be1e-f9a2d1bcbe9f]: BUSY
[debug] [2019-12-08T06:38:04.449Z] [runtime-status] [9014] Functions runtime initialized. {"cwd":"/Users/jterrazz/Projects/jterrazz.github.io/functions","node_version":"10.16.0"}
[debug] [2019-12-08T06:38:04.451Z] [runtime-status] [9014] Disabled runtime features: {"functions_config_helper":true,"network_filtering":true,"timeout":true,"memory_limiting":true,"admin_stubs":true,"pubsub_emulator":true}
[debug] [2019-12-08T06:38:04.453Z] [runtime-status] [9014] Resolved module firebase-admin {"declared":true,"installed":true,"version":"8.8.0","resolution":"/Users/jterrazz/Projects/jterrazz.github.io/functions/node_modules/firebase-admin/lib/index.js"}
[debug] [2019-12-08T06:38:04.454Z] [runtime-status] [9014] Resolved module firebase-functions {"declared":true,"installed":true,"version":"3.3.0","resolution":"/Users/jterrazz/Projects/jterrazz.github.io/functions/node_modules/firebase-functions/lib/index.js"}
[debug] [2019-12-08T06:38:04.455Z] [runtime-status] [9014] Resolved module firebase-functions {"declared":true,"installed":true,"version":"3.3.0","resolution":"/Users/jterrazz/Projects/jterrazz.github.io/functions/node_modules/firebase-functions/lib/index.js"}
[debug] [2019-12-08T06:38:04.531Z] [runtime-status] [9014] Trigger "submit" has been found, beginning invocation!
[info] i  functions: Beginning execution of "submit"
[debug] [2019-12-08T06:38:04.531Z] [runtime-status] [9014] triggerDefinition {"httpsTrigger":{},"name":"submit","entryPoint":"submit"}
[debug] [2019-12-08T06:38:04.531Z] [runtime-status] [9014] Running submit in mode HTTPS
[debug] [2019-12-08T06:38:04.537Z] [runtime-status] [9014] Attempting to listen to socketPath: /var/folders/40/8j4qkx694h52lfyn47mmtnhw0000gp/T/fire_emu_9014.sock
[debug] [2019-12-08T06:38:04.541Z] [functions] Runtime ready! Sending request!
[debug] [2019-12-08T06:38:04.549Z] [runtime-status] [9014] Ephemeral server handling POST request
[debug] [2019-12-08T06:38:04.558Z] [runtime-status] [9014] Ephemeral server survived.
[info] i  functions: Finished "submit" in ~1s
[debug] [2019-12-08T06:38:04.563Z] [worker-submit-0db99d18-0dea-427f-be1e-f9a2d1bcbe9f]: IDLE
[debug] [2019-12-08T06:39:38.339Z] Accepted request POST /com-jterrazz/us-central1/submit?email=wwwwwwwww@gmail.com&message=yo --> submit
[debug] [2019-12-08T06:39:38.339Z] [worker-submit-0db99d18-0dea-427f-be1e-f9a2d1bcbe9f]: Assigning socketPath: /var/folders/40/8j4qkx694h52lfyn47mmtnhw0000gp/T/fire_emu_9014.sock
[debug] [2019-12-08T06:39:38.339Z] [worker-submit-0db99d18-0dea-427f-be1e-f9a2d1bcbe9f]: BUSY
[debug] [2019-12-08T06:39:38.339Z] [runtime-status] [9014] Trigger "submit" has been found, beginning invocation!
[info] i  functions: Beginning execution of "submit"
[debug] [2019-12-08T06:39:38.340Z] [runtime-status] [9014] triggerDefinition {"httpsTrigger":{},"name":"submit","entryPoint":"submit"}
[debug] [2019-12-08T06:39:38.340Z] [runtime-status] [9014] Running submit in mode HTTPS
[debug] [2019-12-08T06:39:38.340Z] [runtime-status] [9014] Attempting to listen to socketPath: /var/folders/40/8j4qkx694h52lfyn47mmtnhw0000gp/T/fire_emu_9014.sock
[debug] [2019-12-08T06:39:38.343Z] [functions] Runtime ready! Sending request!
[debug] [2019-12-08T06:39:38.346Z] [runtime-status] [9014] Ephemeral server handling POST request
[debug] [2019-12-08T06:39:38.348Z] [runtime-status] [9014] Ephemeral server survived.
[info] i  functions: Finished "submit" in ~1s
[debug] [2019-12-08T06:39:38.351Z] [worker-submit-0db99d18-0dea-427f-be1e-f9a2d1bcbe9f]: IDLE
[debug] [2019-12-08T06:40:04.360Z] File /Users/jterrazz/Projects/jterrazz.github.io/functions/index.js changed, reloading triggers
[debug] [2019-12-08T06:40:05.362Z] [worker-pool]: Shutting down IDLE worker (submit)
[debug] [2019-12-08T06:40:05.366Z] [worker-~diagnostic~-9a5ec821-ef97-4f30-b23f-64959962d666]: Assigning socketPath: /var/folders/40/8j4qkx694h52lfyn47mmtnhw0000gp/T/fire_emu_9016.sock
[debug] [2019-12-08T06:40:05.367Z] [worker-~diagnostic~-9a5ec821-ef97-4f30-b23f-64959962d666]: BUSY
[debug] [2019-12-08T06:40:05.368Z] [worker-submit-0db99d18-0dea-427f-be1e-f9a2d1bcbe9f]: exited
[debug] [2019-12-08T06:40:05.369Z] [worker-submit-0db99d18-0dea-427f-be1e-f9a2d1bcbe9f]: FINISHED
[debug] [2019-12-08T06:40:05.652Z] [runtime-status] [9016] Functions runtime initialized. {"cwd":"/Users/jterrazz/Projects/jterrazz.github.io/functions","node_version":"10.16.0"}
[debug] [2019-12-08T06:40:05.655Z] [runtime-status] [9016] Disabled runtime features: {"functions_config_helper":true,"network_filtering":true,"timeout":true,"memory_limiting":true,"admin_stubs":true,"pubsub_emulator":true}
[debug] [2019-12-08T06:40:05.657Z] [runtime-status] [9016] Resolved module firebase-admin {"declared":true,"installed":true,"version":"8.8.0","resolution":"/Users/jterrazz/Projects/jterrazz.github.io/functions/node_modules/firebase-admin/lib/index.js"}
[debug] [2019-12-08T06:40:05.657Z] [runtime-status] [9016] Resolved module firebase-functions {"declared":true,"installed":true,"version":"3.3.0","resolution":"/Users/jterrazz/Projects/jterrazz.github.io/functions/node_modules/firebase-functions/lib/index.js"}
[debug] [2019-12-08T06:40:05.658Z] [runtime-status] [9016] Resolved module firebase-functions {"declared":true,"installed":true,"version":"3.3.0","resolution":"/Users/jterrazz/Projects/jterrazz.github.io/functions/node_modules/firebase-functions/lib/index.js"}
[debug] [2019-12-08T06:40:05.741Z] [worker-~diagnostic~-9a5ec821-ef97-4f30-b23f-64959962d666]: exited
[debug] [2019-12-08T06:40:05.741Z] [worker-~diagnostic~-9a5ec821-ef97-4f30-b23f-64959962d666]: FINISHED
[debug] [2019-12-08T06:40:53.735Z] Accepted request POST /com-jterrazz/us-central1/submit?email=wwwwwwwww@gmail.com&message=yo --> submit
[debug] [2019-12-08T06:40:53.739Z] [worker-submit-16316884-355b-47d9-bf4a-d95f5910b1ec]: Assigning socketPath: /var/folders/40/8j4qkx694h52lfyn47mmtnhw0000gp/T/fire_emu_9019.sock
[debug] [2019-12-08T06:40:53.739Z] [worker-submit-16316884-355b-47d9-bf4a-d95f5910b1ec]: BUSY
[debug] [2019-12-08T06:40:54.014Z] [runtime-status] [9019] Functions runtime initialized. {"cwd":"/Users/jterrazz/Projects/jterrazz.github.io/functions","node_version":"10.16.0"}
[debug] [2019-12-08T06:40:54.016Z] [runtime-status] [9019] Disabled runtime features: {"functions_config_helper":true,"network_filtering":true,"timeout":true,"memory_limiting":true,"admin_stubs":true,"pubsub_emulator":true}
[debug] [2019-12-08T06:40:54.018Z] [runtime-status] [9019] Resolved module firebase-admin {"declared":true,"installed":true,"version":"8.8.0","resolution":"/Users/jterrazz/Projects/jterrazz.github.io/functions/node_modules/firebase-admin/lib/index.js"}
[debug] [2019-12-08T06:40:54.019Z] [runtime-status] [9019] Resolved module firebase-functions {"declared":true,"installed":true,"version":"3.3.0","resolution":"/Users/jterrazz/Projects/jterrazz.github.io/functions/node_modules/firebase-functions/lib/index.js"}
[debug] [2019-12-08T06:40:54.020Z] [runtime-status] [9019] Resolved module firebase-functions {"declared":true,"installed":true,"version":"3.3.0","resolution":"/Users/jterrazz/Projects/jterrazz.github.io/functions/node_modules/firebase-functions/lib/index.js"}
[debug] [2019-12-08T06:40:54.088Z] [runtime-status] [9019] Trigger "submit" has been found, beginning invocation!
[info] i  functions: Beginning execution of "submit"
[debug] [2019-12-08T06:40:54.088Z] [runtime-status] [9019] triggerDefinition {"httpsTrigger":{},"name":"submit","entryPoint":"submit"}
[debug] [2019-12-08T06:40:54.088Z] [runtime-status] [9019] Running submit in mode HTTPS
[debug] [2019-12-08T06:40:54.094Z] [runtime-status] [9019] Attempting to listen to socketPath: /var/folders/40/8j4qkx694h52lfyn47mmtnhw0000gp/T/fire_emu_9019.sock
[debug] [2019-12-08T06:40:54.097Z] [functions] Runtime ready! Sending request!
[debug] [2019-12-08T06:40:54.108Z] [runtime-status] [9019] Ephemeral server handling POST request
[info] >  <Buffer 2d 2d 2d 2d 2d 2d 2d 2d 2d 2d 2d 2d 2d 2d 2d 2d 2d 2d 2d 2d 2d 2d 2d 2d 2d 2d 2d 2d 31 38 31 33 36 32 38 36 32 32 37 33 32 34 30 33 37 32 31 38 35 37 ... >
[debug] [2019-12-08T06:40:54.117Z] [runtime-status] [9019] Ephemeral server survived.
[info] i  functions: Finished "submit" in ~1s
[debug] [2019-12-08T06:40:54.121Z] [worker-submit-16316884-355b-47d9-bf4a-d95f5910b1ec]: IDLE
[debug] [2019-12-08T06:41:57.879Z] Accepted request POST /com-jterrazz/us-central1/submit?email=wwwwwwwww@gmail.com&message=yo --> submit
[debug] [2019-12-08T06:41:57.879Z] [worker-submit-16316884-355b-47d9-bf4a-d95f5910b1ec]: Assigning socketPath: /var/folders/40/8j4qkx694h52lfyn47mmtnhw0000gp/T/fire_emu_9019.sock
[debug] [2019-12-08T06:41:57.879Z] [worker-submit-16316884-355b-47d9-bf4a-d95f5910b1ec]: BUSY
[debug] [2019-12-08T06:41:57.879Z] [runtime-status] [9019] Trigger "submit" has been found, beginning invocation!
[info] i  functions: Beginning execution of "submit"
[debug] [2019-12-08T06:41:57.880Z] [runtime-status] [9019] triggerDefinition {"httpsTrigger":{},"name":"submit","entryPoint":"submit"}
[debug] [2019-12-08T06:41:57.880Z] [runtime-status] [9019] Running submit in mode HTTPS
[debug] [2019-12-08T06:41:57.880Z] [runtime-status] [9019] Attempting to listen to socketPath: /var/folders/40/8j4qkx694h52lfyn47mmtnhw0000gp/T/fire_emu_9019.sock
[debug] [2019-12-08T06:41:57.883Z] [functions] Runtime ready! Sending request!
[debug] [2019-12-08T06:41:57.901Z] [runtime-status] [9019] Ephemeral server handling POST request
[info] >  { from: 'bg@gmail.com', message: 'hello' }
[debug] [2019-12-08T06:41:57.911Z] [runtime-status] [9019] Ephemeral server survived.
[info] i  functions: Finished "submit" in ~1s
[debug] [2019-12-08T06:41:57.912Z] [worker-submit-16316884-355b-47d9-bf4a-d95f5910b1ec]: IDLE
[debug] [2019-12-08T06:43:20.365Z] File /Users/jterrazz/Projects/jterrazz.github.io/functions/index.js changed, reloading triggers
[debug] [2019-12-08T06:43:21.368Z] [worker-pool]: Shutting down IDLE worker (submit)
[debug] [2019-12-08T06:43:21.373Z] [worker-~diagnostic~-031d912c-62a1-4518-aaa7-a3151812894b]: Assigning socketPath: /var/folders/40/8j4qkx694h52lfyn47mmtnhw0000gp/T/fire_emu_9021.sock
[debug] [2019-12-08T06:43:21.373Z] [worker-~diagnostic~-031d912c-62a1-4518-aaa7-a3151812894b]: BUSY
[debug] [2019-12-08T06:43:21.374Z] [worker-submit-16316884-355b-47d9-bf4a-d95f5910b1ec]: exited
[debug] [2019-12-08T06:43:21.374Z] [worker-submit-16316884-355b-47d9-bf4a-d95f5910b1ec]: FINISHED
[debug] [2019-12-08T06:43:21.631Z] [runtime-status] [9021] Functions runtime initialized. {"cwd":"/Users/jterrazz/Projects/jterrazz.github.io/functions","node_version":"10.16.0"}
[debug] [2019-12-08T06:43:21.632Z] [runtime-status] [9021] Disabled runtime features: {"functions_config_helper":true,"network_filtering":true,"timeout":true,"memory_limiting":true,"admin_stubs":true,"pubsub_emulator":true}
[debug] [2019-12-08T06:43:21.634Z] [runtime-status] [9021] Resolved module firebase-admin {"declared":true,"installed":true,"version":"8.8.0","resolution":"/Users/jterrazz/Projects/jterrazz.github.io/functions/node_modules/firebase-admin/lib/index.js"}
[debug] [2019-12-08T06:43:21.635Z] [runtime-status] [9021] Resolved module firebase-functions {"declared":true,"installed":true,"version":"3.3.0","resolution":"/Users/jterrazz/Projects/jterrazz.github.io/functions/node_modules/firebase-functions/lib/index.js"}
[debug] [2019-12-08T06:43:21.636Z] [runtime-status] [9021] Resolved module firebase-functions {"declared":true,"installed":true,"version":"3.3.0","resolution":"/Users/jterrazz/Projects/jterrazz.github.io/functions/node_modules/firebase-functions/lib/index.js"}
[debug] [2019-12-08T06:43:21.713Z] [worker-~diagnostic~-031d912c-62a1-4518-aaa7-a3151812894b]: exited
[debug] [2019-12-08T06:43:21.713Z] [worker-~diagnostic~-031d912c-62a1-4518-aaa7-a3151812894b]: FINISHED
[debug] [2019-12-08T06:43:25.161Z] Accepted request POST /com-jterrazz/us-central1/submit?email=wwwwwwwww@gmail.com&message=yo --> submit
[debug] [2019-12-08T06:43:25.165Z] [worker-submit-a2eef345-14fe-49a1-a43a-ba330c679650]: Assigning socketPath: /var/folders/40/8j4qkx694h52lfyn47mmtnhw0000gp/T/fire_emu_9022.sock
[debug] [2019-12-08T06:43:25.165Z] [worker-submit-a2eef345-14fe-49a1-a43a-ba330c679650]: BUSY
[debug] [2019-12-08T06:43:25.447Z] [runtime-status] [9022] Functions runtime initialized. {"cwd":"/Users/jterrazz/Projects/jterrazz.github.io/functions","node_version":"10.16.0"}
[debug] [2019-12-08T06:43:25.449Z] [runtime-status] [9022] Disabled runtime features: {"functions_config_helper":true,"network_filtering":true,"timeout":true,"memory_limiting":true,"admin_stubs":true,"pubsub_emulator":true}
[debug] [2019-12-08T06:43:25.452Z] [runtime-status] [9022] Resolved module firebase-admin {"declared":true,"installed":true,"version":"8.8.0","resolution":"/Users/jterrazz/Projects/jterrazz.github.io/functions/node_modules/firebase-admin/lib/index.js"}
[debug] [2019-12-08T06:43:25.453Z] [runtime-status] [9022] Resolved module firebase-functions {"declared":true,"installed":true,"version":"3.3.0","resolution":"/Users/jterrazz/Projects/jterrazz.github.io/functions/node_modules/firebase-functions/lib/index.js"}
[debug] [2019-12-08T06:43:25.454Z] [runtime-status] [9022] Resolved module firebase-functions {"declared":true,"installed":true,"version":"3.3.0","resolution":"/Users/jterrazz/Projects/jterrazz.github.io/functions/node_modules/firebase-functions/lib/index.js"}
[debug] [2019-12-08T06:43:25.523Z] [runtime-status] [9022] Trigger "submit" has been found, beginning invocation!
[info] i  functions: Beginning execution of "submit"
[debug] [2019-12-08T06:43:25.523Z] [runtime-status] [9022] triggerDefinition {"httpsTrigger":{},"name":"submit","entryPoint":"submit"}
[debug] [2019-12-08T06:43:25.524Z] [runtime-status] [9022] Running submit in mode HTTPS
[debug] [2019-12-08T06:43:25.529Z] [runtime-status] [9022] Attempting to listen to socketPath: /var/folders/40/8j4qkx694h52lfyn47mmtnhw0000gp/T/fire_emu_9022.sock
[debug] [2019-12-08T06:43:25.532Z] [functions] Runtime ready! Sending request!
[debug] [2019-12-08T06:43:25.550Z] [runtime-status] [9022] Ephemeral server handling POST request
[debug] [2019-12-08T06:43:25.559Z] [runtime-status] [9022] Ephemeral server survived.
[info] i  functions: Finished "submit" in ~1s
[debug] [2019-12-08T06:43:25.563Z] [worker-submit-a2eef345-14fe-49a1-a43a-ba330c679650]: IDLE
[debug] [2019-12-08T06:44:58.389Z] File /Users/jterrazz/Projects/jterrazz.github.io/functions/index.js changed, reloading triggers
[debug] [2019-12-08T06:44:59.395Z] [worker-pool]: Shutting down IDLE worker (submit)
[debug] [2019-12-08T06:44:59.400Z] [worker-~diagnostic~-ffae8d7e-de04-4cb1-8e94-9c4a0c1d7926]: Assigning socketPath: /var/folders/40/8j4qkx694h52lfyn47mmtnhw0000gp/T/fire_emu_9025.sock
[debug] [2019-12-08T06:44:59.400Z] [worker-~diagnostic~-ffae8d7e-de04-4cb1-8e94-9c4a0c1d7926]: BUSY
[debug] [2019-12-08T06:44:59.400Z] [worker-submit-a2eef345-14fe-49a1-a43a-ba330c679650]: exited
[debug] [2019-12-08T06:44:59.401Z] [worker-submit-a2eef345-14fe-49a1-a43a-ba330c679650]: FINISHED
[debug] [2019-12-08T06:44:59.653Z] [runtime-status] [9025] Functions runtime initialized. {"cwd":"/Users/jterrazz/Projects/jterrazz.github.io/functions","node_version":"10.16.0"}
[debug] [2019-12-08T06:44:59.655Z] [runtime-status] [9025] Disabled runtime features: {"functions_config_helper":true,"network_filtering":true,"timeout":true,"memory_limiting":true,"admin_stubs":true,"pubsub_emulator":true}
[debug] [2019-12-08T06:44:59.657Z] [runtime-status] [9025] Resolved module firebase-admin {"declared":true,"installed":true,"version":"8.8.0","resolution":"/Users/jterrazz/Projects/jterrazz.github.io/functions/node_modules/firebase-admin/lib/index.js"}
[debug] [2019-12-08T06:44:59.658Z] [runtime-status] [9025] Resolved module firebase-functions {"declared":true,"installed":true,"version":"3.3.0","resolution":"/Users/jterrazz/Projects/jterrazz.github.io/functions/node_modules/firebase-functions/lib/index.js"}
[debug] [2019-12-08T06:44:59.659Z] [runtime-status] [9025] Resolved module firebase-functions {"declared":true,"installed":true,"version":"3.3.0","resolution":"/Users/jterrazz/Projects/jterrazz.github.io/functions/node_modules/firebase-functions/lib/index.js"}
[debug] [2019-12-08T06:44:59.739Z] [worker-~diagnostic~-ffae8d7e-de04-4cb1-8e94-9c4a0c1d7926]: exited
[debug] [2019-12-08T06:44:59.739Z] [worker-~diagnostic~-ffae8d7e-de04-4cb1-8e94-9c4a0c1d7926]: FINISHED
